{
  "RSpec": {
    "coverage": {
      "/home/usuario/LPP/prct10/ULL_LPP_Practica_10/spec/tdd_spec.rb": [
        null,
        1,
        1,
        1,
        1,
        null,
        1,
        1,
        1,
        null,
        null,
        1,
        1,
        null,
        null,
        null,
        1,
        null,
        1,
        1,
        1,
        null,
        1,
        1,
        1,
        null,
        null,
        1,
        1,
        null,
        null,
        1,
        null,
        1,
        1,
        null,
        null,
        1,
        1,
        null,
        null,
        1,
        1,
        null,
        null,
        1,
        1,
        null,
        null,
        null,
        1,
        null,
        1,
        1,
        1,
        null,
        null,
        1,
        1,
        1,
        null,
        null,
        1,
        1,
        1,
        null,
        null,
        null,
        null,
        null,
        1,
        null,
        1,
        1,
        1,
        1,
        1,
        1,
        1,
        1,
        1,
        1,
        1,
        1,
        1,
        1,
        1,
        1,
        null,
        1,
        1,
        1,
        1,
        null,
        1,
        1,
        1,
        1,
        null,
        1,
        1,
        1,
        1,
        null,
        1,
        1,
        1,
        1,
        null,
        1,
        1,
        1,
        1,
        null,
        null,
        1,
        null,
        null,
        1,
        null,
        1,
        1,
        1,
        null,
        null,
        1,
        1,
        1,
        null,
        null,
        null,
        1,
        1,
        null,
        null,
        null,
        1,
        1,
        1,
        1,
        1,
        null,
        null,
        1,
        null,
        null,
        null,
        1,
        1,
        1,
        null,
        null,
        null,
        1,
        null,
        1,
        1,
        1,
        1,
        1,
        1,
        null,
        null,
        1,
        1,
        1,
        1,
        1,
        1,
        null,
        null,
        1,
        1,
        1,
        1,
        1,
        1,
        null,
        null,
        1,
        1,
        null,
        null,
        null,
        null,
        1,
        1,
        1,
        null,
        null,
        1,
        1,
        null,
        null,
        1,
        1,
        null,
        null,
        1,
        1,
        null,
        null,
        1,
        1,
        null,
        null,
        null,
        1,
        null,
        1,
        1,
        1,
        null,
        null,
        1,
        1,
        1,
        null,
        null,
        1,
        1,
        1,
        null,
        null,
        null,
        1,
        null,
        1,
        1,
        1,
        null,
        null,
        1,
        1,
        1,
        null,
        null,
        1,
        1,
        1,
        null,
        null,
        null,
        1,
        1,
        1,
        4,
        1,
        1,
        1,
        5,
        5,
        1,
        null,
        null,
        null,
        1,
        1,
        1,
        1,
        1,
        1,
        1,
        1,
        1,
        1,
        1,
        1,
        null,
        null,
        1,
        1,
        1,
        1,
        1,
        1,
        1,
        1,
        1,
        1,
        1,
        null,
        null,
        null,
        1,
        null,
        1,
        1,
        null,
        null,
        1,
        1,
        null,
        null,
        1,
        1,
        null,
        null,
        1,
        6,
        1,
        1,
        1,
        null,
        null,
        1,
        6,
        1,
        null,
        null,
        1,
        6,
        6,
        1,
        null,
        null,
        null,
        null,
        1,
        null,
        1,
        1,
        1,
        1,
        1,
        null,
        1,
        null,
        null,
        1,
        null,
        null,
        null,
        null,
        null,
        1,
        1,
        1,
        1,
        1,
        1,
        null,
        1,
        null,
        1,
        null,
        1,
        null,
        null,
        1,
        null,
        null,
        null,
        null,
        1,
        null,
        1,
        1,
        null,
        null,
        1,
        1,
        1,
        1,
        null,
        null,
        1,
        1,
        null,
        null,
        null,
        null,
        1,
        1,
        1,
        1,
        1,
        1,
        1,
        1,
        1,
        1,
        null,
        1,
        1,
        1,
        1,
        1,
        null,
        null,
        1,
        1,
        1,
        null,
        null,
        1,
        1,
        1,
        null,
        null,
        1,
        1,
        1,
        null,
        null,
        1,
        1,
        1,
        null,
        null,
        1,
        1,
        1,
        null,
        null,
        null,
        1,
        null,
        1,
        1,
        7,
        1,
        null,
        null,
        1,
        1,
        1,
        7,
        7,
        1,
        null,
        null,
        null,
        1,
        null,
        1,
        1,
        4,
        1,
        1,
        1,
        4,
        4,
        1,
        null,
        null,
        null
      ],
      "/home/usuario/LPP/prct10/ULL_LPP_Practica_10/lib/tdd/alimento.rb": [
        null,
        null,
        1,
        null,
        1,
        null,
        1,
        null,
        null,
        null,
        null,
        null,
        null,
        null,
        null,
        1,
        22,
        null,
        null,
        null,
        null,
        1,
        250,
        null,
        null,
        null,
        null,
        1,
        250,
        null,
        null,
        null,
        null,
        1,
        250,
        null,
        null,
        null,
        null,
        1,
        45,
        null,
        null,
        null,
        null,
        1,
        22,
        22,
        null,
        null,
        null,
        null,
        1,
        17,
        null,
        null,
        null
      ],
      "/home/usuario/LPP/prct10/ULL_LPP_Practica_10/lib/tdd/plato.rb": [
        null,
        null,
        1,
        null,
        1,
        1,
        null,
        1,
        null,
        null,
        null,
        null,
        1,
        12,
        12,
        null,
        null,
        null,
        null,
        1,
        5,
        null,
        null,
        null,
        null,
        1,
        4,
        4,
        20,
        12,
        12,
        null,
        4,
        null,
        null,
        null,
        null,
        1,
        1,
        1,
        5,
        3,
        3,
        null,
        1,
        null,
        null,
        null,
        1,
        1,
        1,
        5,
        3,
        3,
        null,
        1,
        null,
        null,
        null,
        null,
        1,
        1,
        1,
        5,
        3,
        3,
        null,
        1,
        null,
        null,
        null,
        null,
        1,
        55,
        55,
        314,
        204,
        204,
        null,
        55,
        null,
        null,
        null,
        null,
        1,
        22,
        22,
        0,
        22,
        11,
        11,
        11,
        null,
        null,
        null,
        null,
        null,
        null,
        1,
        0,
        0,
        0,
        0,
        0,
        0,
        null,
        null,
        null,
        null,
        1,
        6,
        6,
        22,
        22,
        null,
        null,
        null,
        null,
        null,
        1,
        16,
        16,
        null,
        null,
        null,
        null,
        1,
        1,
        null,
        null,
        null,
        null,
        1,
        null,
        null,
        null,
        null,
        1,
        5,
        null,
        null,
        null,
        null,
        1,
        65,
        65,
        373,
        243,
        243,
        null,
        65,
        null,
        null,
        null,
        null,
        1,
        6,
        6,
        35,
        23,
        23,
        null,
        6,
        null,
        null,
        null,
        null,
        1,
        27,
        null,
        null,
        null,
        null,
        1,
        22,
        22,
        0,
        22,
        0,
        22,
        22,
        null,
        null,
        null,
        null,
        null,
        1,
        21,
        null,
        null,
        null,
        null,
        1,
        16,
        16,
        null,
        null,
        null,
        null,
        1,
        1,
        null,
        null,
        null,
        null,
        1,
        null,
        1,
        null,
        1,
        1,
        1,
        1,
        null,
        1,
        1,
        0,
        null,
        1,
        null,
        null,
        null,
        null,
        1,
        1,
        null,
        null,
        1,
        2,
        2,
        2,
        2,
        null,
        null,
        1,
        1,
        1,
        2,
        null,
        1,
        null,
        null,
        1,
        1,
        1,
        1,
        1,
        1,
        null,
        null
      ],
      "/home/usuario/LPP/prct10/ULL_LPP_Practica_10/lib/tdd/list.rb": [
        null,
        null,
        1,
        null,
        null,
        1,
        33,
        33,
        null,
        null,
        null,
        null,
        1,
        null,
        1,
        null,
        1,
        null,
        null,
        1,
        8,
        8,
        8,
        null,
        null,
        null,
        null,
        1,
        0,
        null,
        null,
        null,
        null,
        1,
        13,
        3,
        3,
        3,
        null,
        null,
        13,
        10,
        10,
        10,
        null,
        13,
        null,
        null,
        null,
        null,
        1,
        22,
        5,
        5,
        5,
        null,
        22,
        17,
        17,
        17,
        null,
        22,
        null,
        null,
        null,
        null,
        1,
        3,
        11,
        null,
        null,
        null,
        null,
        null,
        1,
        6,
        21,
        null,
        null,
        null,
        null,
        1,
        1,
        1,
        1,
        1,
        1,
        null,
        null,
        null,
        null,
        1,
        1,
        1,
        1,
        1,
        1,
        null,
        null,
        null,
        null,
        null,
        1,
        72,
        16,
        null,
        56,
        null,
        null,
        null,
        1,
        12,
        12,
        54,
        54,
        null,
        null,
        null,
        null,
        null,
        1,
        7,
        7,
        7,
        45,
        31,
        31,
        null,
        null,
        7,
        null,
        null,
        null
      ],
      "/home/usuario/LPP/prct10/ULL_LPP_Practica_10/lib/tdd/menu.rb": [
        null,
        1,
        null,
        1,
        null,
        1,
        1,
        1,
        1,
        1,
        1,
        1,
        0,
        null,
        1,
        null,
        null,
        null,
        null,
        1,
        1,
        null,
        null,
        1,
        1,
        null,
        null,
        1,
        3,
        3,
        3,
        3,
        null,
        null,
        1,
        1,
        1,
        1,
        1,
        1,
        null,
        null,
        null
      ]
    },
    "timestamp": 1578653548
  }
}
